[                       0%                       ][**********************67%*******                ]  2 of 3 completed[*********************100%***********************]  3 of 3 completed
Fetching latest data...

========================================
  📊 TODAY'S SIGNAL: 2026-04-24
========================================
  SPY:  82.2%
  TLT:  0.0%
  CASH: 17.8%
  Vol:  18.4%
  Corr: 0.211
  DD:   -1.39%
========================================
Log saved: /home/hapew112/georisk/paper_log.json
[                       0%                       ][**********************67%*******                ]  2 of 3 completed[*********************100%***********************]  3 of 3 completed
[                       0%                       ][**********************67%*******                ]  2 of 3 completed[*********************100%***********************]  3 of 3 completed
Fetching latest data...

========================================
  📊 TODAY'S SIGNAL: 2026-04-27
========================================
  SPY:  90.6%
  TLT:  0.0%
  CASH: 9.4%
  Vol:  16.6%
  Corr: 0.214
  DD:   -0.76%
========================================
Log saved: /home/hapew112/georisk/paper_log.json
Telegram error: <urlopen error [Errno 101] Network is unreachable>

=============================================
  KIS Trader [LIVE] — 2026-04-28 09:00
=============================================
토큰 발급 중...
  OK
시그널 계산 중...
  SPY 90.6% / TLT 0.0% / CASH 9.4%
잔고 조회 중...
  총 평가액: $0.00
  예수금:    $0.00
  SPY 현재가: $715.17
  TLT 현재가: $86.28

주문 계산 중...
잔고 없음 — 주문 스킵
  리밸런싱 불필요
Telegram error: <urlopen error [Errno 101] Network is unreachable>
